Arguments: 
  C:\Program Files\nodejs\node.exe C:\Users\ِal\AppData\Roaming\npm\node_modules\yarn\bin\yarn.js add react-slick

PATH: 
  C:\Users\ِal\bin;C:\Program Files\Git\mingw64\bin;C:\Program Files\Git\usr\local\bin;C:\Program Files\Git\usr\bin;C:\Program Files\Git\usr\bin;C:\Program Files\Git\mingw64\bin;C:\Program Files\Git\usr\bin;C:\Users\ِal\bin;C:\Windows\system32;C:\Windows;C:\Windows\System32\Wbem;C:\Windows\System32\WindowsPowerShell\v1.0;C:\Windows\System32\OpenSSH;C:\Program Files\Git\cmd;C:\Program Files\dotnet;%NVM_HOME%;%NVM_SYMLINK%;C:\Users\ِal\AppData\Local\Microsoft\WindowsApps;C:\Users\ِal\AppData\Local\Programs\Microsoft VS Code\bin;C:\Users\ِal\AppData\Roaming\npm;D:\nvm-stuff\nvm;C:\Program Files\nodejs;C:\Program Files\Git\usr\bin\vendor_perl;C:\Program Files\Git\usr\bin\core_perl

Yarn version: 
  1.22.19

Node version: 
  16.20.0

Platform: 
  win32 x64

Trace: 
  Error: EPERM: operation not permitted, unlink 'D:\works\next-task\node_modules\@next\swc-win32-x64-msvc\next-swc.win32-x64-msvc.node'

npm manifest: 
  {
    "name": "next-task",
    "version": "0.1.0",
    "private": true,
    "scripts": {
      "dev": "next dev",
      "build": "next build",
      "start": "next start",
      "lint": "next lint"
    },
    "dependencies": {
      "eslint": "8.49.0",
      "eslint-config-next": "13.4.19",
      "next": "13.4.19",
      "react": "18.2.0",
      "react-dom": "18.2.0"
    }
  }

yarn manifest: 
  No manifest

Lockfile: 
  No lockfile
